<?xml version="1.0" encoding="UTF-8" standalone="no"?>
<testsuite errors="0" failures="3" name="io.cucumber.core.plugin.JUnitFormatter" skipped="0" tests="3" time="0.298">
    <testcase classname="US001 Register User" name="TC01 Register Page" time="0.074">
        <failure message="The scenario has pending or undefined step(s)" type="java.lang.Exception">
            <![CDATA[When kullanici tarayiciyi baslatir..........................................undefined
Then kullanici anasayfaya gider.............................................skipped
Then sayfanin gorunur oldugunu test eder....................................skipped
Then kullanici SingUp-Login butonuna tiklar.................................skipped
And kullanici New User Signup! yazisinin gorunurlugunu test eder............skipped
]]>
        </failure>
    </testcase>
    <testcase classname="US001 Register User" name="TC02" time="0.002">
        <failure message="The scenario has pending or undefined step(s)" type="java.lang.Exception">
            <![CDATA[When kullanici isim ve mail adresini girer..................................undefined
Then Singup butonuna tiklar.................................................skipped
Then acilan sayfada ENTER ACCOUNT INFORMATION yazisinin gorunurlugunu test eder.skipped
Then kullanici birinci bolum icin Email, Password, Date of birth kisimlarini doldurur.skipped
Then kullanici Sign up for our newsletter! checkbox' ini secer..............skipped
Then kullanici Receive special offers from our partners! checkbox' ini secer.skipped
Then kullanici ikinci bolum icin gerekli kisimlari doldurur.................skipped
Then kullnici Creat Account butonuna tiklar.................................skipped
And kullanici hesabin olustugunu dogrular...................................skipped
]]>
        </failure>
    </testcase>
    <testcase classname="US001 Register User" name="TC03" time="0.004">
        <failure message="The scenario has pending or undefined step(s)" type="java.lang.Exception">
            <![CDATA[When kullanici Continue butonuna basar......................................undefined
Then saÄŸ ustte olan Logged in as username yazisini gorur....................skipped
Then kullanici Delete Account butonuna tiklar...............................skipped
And kullanici ACCOUNT DELETED! yazisini gorur ve Continue butonuna tiklar...skipped
]]>
        </failure>
    </testcase>
</testsuite>
